<?xml version="1.0" encoding="UTF-8" ?>
<testsuite tests="19" failures="0" name="TestSuite" time="1.759" errors="0" skipped="0">
  <properties>
    <property name="java.runtime.name" value="Java(TM) SE Runtime Environment"/>
    <property name="java.vm.version" value="10.0.1+10"/>
    <property name="sun.boot.library.path" value="C:\Program Files\Java\jre-10.0.1\bin"/>
    <property name="maven.multiModuleProjectDirectory" value="C:\Users\Curt\eclipse-workspace\Sci-CAFE"/>
    <property name="java.vm.vendor" value="&quot;Oracle Corporation&quot;"/>
    <property name="java.vendor.url" value="http://java.oracle.com/"/>
    <property name="guice.disable.misplaced.annotation.check" value="true"/>
    <property name="path.separator" value=";"/>
    <property name="java.vm.name" value="Java HotSpot(TM) 64-Bit Server VM"/>
    <property name="file.encoding.pkg" value="sun.io"/>
    <property name="sun.os.patch.level" value=""/>
    <property name="user.script" value=""/>
    <property name="user.country" value="CN"/>
    <property name="sun.java.launcher" value="SUN_STANDARD"/>
    <property name="java.vm.specification.name" value="Java Virtual Machine Specification"/>
    <property name="user.dir" value="C:\Users\Curt\eclipse-workspace\Sci-CAFE"/>
    <property name="java.vm.compressedOopsMode" value="Zero based"/>
    <property name="java.runtime.version" value="10.0.1+10"/>
    <property name="java.awt.graphicsenv" value="sun.awt.Win32GraphicsEnvironment"/>
    <property name="os.arch" value="amd64"/>
    <property name="java.io.tmpdir" value="C:\Users\Curt\AppData\Local\Temp\"/>
    <property name="line.separator" value="
"/>
    <property name="java.vm.specification.vendor" value="Oracle Corporation"/>
    <property name="user.variant" value=""/>
    <property name="os.name" value="Windows 8.1"/>
    <property name="classworlds.conf" value="C:\Users\Curt\eclipse-workspace\.metadata\.plugins\org.eclipse.m2e.launching\launches\m2conf3503098835545929024.tmp"/>
    <property name="sun.jnu.encoding" value="GBK"/>
    <property name="java.library.path" value="C:\Program Files\Java\jre-10.0.1\bin;C:\Windows\Sun\Java\bin;C:\Windows\system32;C:\Windows;C:\ProgramData\Boxstarter;C:\Program Files (x86)\Common Files\Oracle\Java\javapath;C:\Program Files (x86)\Intel\iCLS Client\;C:\Program Files\Intel\iCLS Client\;C:\Windows\system32;C:\Windows;C:\Windows\System32\Wbem;C:\Windows\System32\WindowsPowerShell\v1.0\;C:\Program Files\Intel\Intel(R) Management Engine Components\DAL;C:\Program Files (x86)\Intel\Intel(R) Management Engine Components\DAL;C:\Program Files\Intel\Intel(R) Management Engine Components\IPT;C:\Program Files (x86)\Intel\Intel(R) Management Engine Components\IPT;C:\Program Files (x86)\ATI Technologies\ATI.ACE\Core-Static;C:\Program Files\Microsoft VS Code\bin;C:\Program Files\Git\cmd;C:\xampp\php;C:\ProgramData\ComposerSetup\bin;C:\Program Files\nodejs\;C:\ProgramData\chocolatey\bin;C:\Users\Curt\AppData\Local\GitHubDesktop\bin;C:\Users\Curt\AppData\Roaming\Composer\vendor\bin;C:\Users\Curt\AppData\Local\atom\bin;C:\Users\Curt\AppData\Roaming\npm;."/>
    <property name="jdk.debug" value="release"/>
    <property name="java.class.version" value="54.0"/>
    <property name="java.specification.name" value="Java Platform API Specification"/>
    <property name="sun.management.compiler" value="HotSpot 64-Bit Tiered Compilers"/>
    <property name="os.version" value="6.3"/>
    <property name="user.home" value="C:\Users\Curt"/>
    <property name="user.timezone" value="America/Tijuana"/>
    <property name="java.awt.printerjob" value="sun.awt.windows.WPrinterJob"/>
    <property name="file.encoding" value="GBK"/>
    <property name="java.specification.version" value="10"/>
    <property name="user.name" value="Curt"/>
    <property name="java.class.path" value="C:\Eclipse\eclipse\plugins\org.eclipse.m2e.maven.runtime_1.9.0.20180606-2035\jars\plexus-classworlds-2.5.2.jar"/>
    <property name="java.vm.specification.version" value="10"/>
    <property name="sun.arch.data.model" value="64"/>
    <property name="sun.java.command" value="org.codehaus.plexus.classworlds.launcher.Launcher -B test"/>
    <property name="java.home" value="C:\Program Files\Java\jre-10.0.1"/>
    <property name="user.language" value="zh"/>
    <property name="java.specification.vendor" value="Oracle Corporation"/>
    <property name="awt.toolkit" value="sun.awt.windows.WToolkit"/>
    <property name="java.vm.info" value="mixed mode"/>
    <property name="java.version" value="10.0.1"/>
    <property name="java.vendor" value="Oracle Corporation"/>
    <property name="maven.home" value="C:\Users\Curt\eclipse-workspace\Sci-CAFE\EMBEDDED"/>
    <property name="file.separator" value="\"/>
    <property name="java.version.date" value="2018-04-17"/>
    <property name="java.vendor.url.bug" value="http://bugreport.java.com/bugreport/"/>
    <property name="sun.io.unicode.encoding" value="UnicodeLittle"/>
    <property name="sun.cpu.endian" value="little"/>
    <property name="java.vendor.version" value="18.3"/>
    <property name="sun.desktop" value="windows"/>
    <property name="sun.cpu.isalist" value="amd64"/>
  </properties>
  <testcase classname="springrest.api.controller.EventControllerTest" name="addAttendee" time="0.875"/>
  <testcase classname="springrest.api.controller.EventControllerTest" name="approveEvent" time="0.049"/>
  <testcase classname="springrest.api.controller.EventControllerTest" name="createEvent" time="0.081"/>
  <testcase classname="springrest.api.controller.EventControllerTest" name="getAttendees" time="0.031"/>
  <testcase classname="springrest.api.controller.EventControllerTest" name="getEvent" time="0.021"/>
  <testcase classname="springrest.api.controller.EventControllerTest" name="getEvents" time="0.422"/>
  <testcase classname="springrest.api.controller.EventControllerTest" name="getEvents2" time="0.058"/>
  <testcase classname="springrest.api.controller.EventControllerTest" name="rejectEvent" time="0.024"/>
  <testcase classname="springrest.api.controller.ProgramControllerTest" name="createProgram" time="0.014"/>
  <testcase classname="springrest.api.controller.ProgramControllerTest" name="deleteProgram" time="0.013"/>
  <testcase classname="springrest.api.controller.ProgramControllerTest" name="getProgram" time="0.01"/>
  <testcase classname="springrest.api.controller.ProgramControllerTest" name="getPrograms" time="0.014"/>
  <testcase classname="springrest.api.controller.ProgramControllerTest" name="getPrograms2" time="0.008"/>
  <testcase classname="springrest.api.controller.ProgramControllerTest" name="updateProgram" time="0.009"/>
  <testcase classname="springrest.api.controller.UserControllerTest" name="createUserFail" time="0.044"/>
  <testcase classname="springrest.api.controller.UserControllerTest" name="createUserPass" time="0.019"/>
  <testcase classname="springrest.api.controller.UserControllerTest" name="getUser" time="0.014"/>
  <testcase classname="springrest.api.controller.UserControllerTest" name="getUsers" time="0.032"/>
  <testcase classname="springrest.api.controller.UserControllerTest" name="getUsers2" time="0.021"/>
</testsuite>